<?xml version="1.0" encoding="UTF-8"?>
<!-- Generated by org.testng.reporters.JUnitXMLReporter -->
<testsuite hostname="VICKY" name="Mobile Automation Test on Pixel 3" tests="10" failures="0" timestamp="30 Dec 2020 05:18:52 GMT" time="282.796" errors="0">
  <testcase name="invalidUsernameTest" time="10.723" classname="com.TestCases.LoginTest"/>
  <testcase name="invalidPasswordTest" time="5.911" classname="com.TestCases.LoginTest"/>
  <testcase name="validUsernameTest" time="12.038" classname="com.TestCases.LoginTest"/>
  <testcase name="validateAddToCart" time="6.379" classname="com.TestCases.ProductCheckOutTest"/>
  <testcase name="validateProductOnCartPage" time="4.108" classname="com.TestCases.ProductCheckOutTest"/>
  <testcase name="validateProductOnInformationPage" time="6.945" classname="com.TestCases.ProductCheckOutTest"/>
  <testcase name="validateProductOnOverviewPage" time="12.531" classname="com.TestCases.ProductCheckOutTest"/>
  <testcase name="validateProductOrderSucess" time="1.336" classname="com.TestCases.ProductCheckOutTest"/>
  <testcase name="validateProductsOnProductPage" time="8.661" classname="com.TestCases.ProductInformationTest"/>
  <testcase name="validateProductsOnProductDetailsPage" time="25.971" classname="com.TestCases.ProductInformationTest"/>
</testsuite> <!-- Mobile Automation Test on Pixel 3 -->
