<?xml version="1.0" encoding="UTF-8"?>
<!-- Generated by org.testng.reporters.JUnitXMLReporter -->
<testsuite hostname="VICKY" name="Mobile Automation Test on Pixel 2" tests="10" failures="0" timestamp="30 Dec 2020 05:14:06 GMT" time="186.185" errors="0">
  <testcase name="invalidUsernameTest" time="9.989" classname="com.TestCases.LoginTest"/>
  <testcase name="invalidPasswordTest" time="5.373" classname="com.TestCases.LoginTest"/>
  <testcase name="validUsernameTest" time="8.837" classname="com.TestCases.LoginTest"/>
  <testcase name="validateAddToCart" time="5.219" classname="com.TestCases.ProductCheckOutTest"/>
  <testcase name="validateProductOnCartPage" time="1.428" classname="com.TestCases.ProductCheckOutTest"/>
  <testcase name="validateProductOnInformationPage" time="5.053" classname="com.TestCases.ProductCheckOutTest"/>
  <testcase name="validateProductOnOverviewPage" time="6.572" classname="com.TestCases.ProductCheckOutTest"/>
  <testcase name="validateProductOrderSucess" time="1.314" classname="com.TestCases.ProductCheckOutTest"/>
  <testcase name="validateProductsOnProductPage" time="4.804" classname="com.TestCases.ProductInformationTest"/>
  <testcase name="validateProductsOnProductDetailsPage" time="16.741" classname="com.TestCases.ProductInformationTest"/>
</testsuite> <!-- Mobile Automation Test on Pixel 2 -->
