<?xml version="1.0" encoding="UTF-8"?>
<!-- Generated by org.testng.reporters.JUnitXMLReporter -->
<testsuite hostname="VICKY" name="Mobile Automation Test on Pixel 2" tests="3" failures="0" timestamp="23 Dec 2020 13:12:18 GMT" time="76.817" errors="0">
  <testcase name="invalidUsernameTest" time="11.191" classname="com.TestCases.LoginTest"/>
  <testcase name="invalidPasswordTest" time="4.849" classname="com.TestCases.LoginTest"/>
  <testcase name="validUsernameTest" time="11.154" classname="com.TestCases.LoginTest"/>
</testsuite> <!-- Mobile Automation Test on Pixel 2 -->
