<?xml version="1.0" encoding="UTF-8"?>
<!-- Generated by org.testng.reporters.JUnitXMLReporter -->
<testsuite hostname="VICKY" name="Mobile Automation Test on Pixel 2" tests="5" failures="0" timestamp="21 Dec 2020 12:11:12 GMT" time="93.24" errors="0">
  <testcase name="validateAddToCart" time="7.533" classname="com.TestCases.ProductCheckOutTest"/>
  <testcase name="validateProductOnCartPage" time="1.108" classname="com.TestCases.ProductCheckOutTest"/>
  <testcase name="validateProductOnInformationPage" time="5.399" classname="com.TestCases.ProductCheckOutTest"/>
  <testcase name="validateProductOnOverviewPage" time="6.456" classname="com.TestCases.ProductCheckOutTest"/>
  <testcase name="validateProductOrderSucess" time="1.886" classname="com.TestCases.ProductCheckOutTest"/>
</testsuite> <!-- Mobile Automation Test on Pixel 2 -->
