<?xml version="1.0" encoding="UTF-8"?>
<!-- Generated by org.testng.reporters.JUnitXMLReporter -->
<testsuite hostname="VICKY" name="Mobile Automation Test on Pixel 2" tests="10" failures="0" timestamp="30 Dec 2020 05:25:19 GMT" time="175.149" errors="0">
  <testcase name="invalidUsernameTest" time="8.864" classname="com.TestCases.LoginTest"/>
  <testcase name="invalidPasswordTest" time="4.315" classname="com.TestCases.LoginTest"/>
  <testcase name="validUsernameTest" time="7.866" classname="com.TestCases.LoginTest"/>
  <testcase name="validateAddToCart" time="6.04" classname="com.TestCases.ProductCheckOutTest"/>
  <testcase name="validateProductOnCartPage" time="1.063" classname="com.TestCases.ProductCheckOutTest"/>
  <testcase name="validateProductOnInformationPage" time="4.379" classname="com.TestCases.ProductCheckOutTest"/>
  <testcase name="validateProductOnOverviewPage" time="6.225" classname="com.TestCases.ProductCheckOutTest"/>
  <testcase name="validateProductOrderSucess" time="1.15" classname="com.TestCases.ProductCheckOutTest"/>
  <testcase name="validateProductsOnProductPage" time="4.531" classname="com.TestCases.ProductInformationTest"/>
  <testcase name="validateProductsOnProductDetailsPage" time="15.921" classname="com.TestCases.ProductInformationTest"/>
</testsuite> <!-- Mobile Automation Test on Pixel 2 -->
