<?xml version="1.0" encoding="UTF-8"?>
<testng-results skipped="0" failed="0" total="1" passed="1">
  <reporter-output>
  </reporter-output>
  <suite name="Suite" duration-ms="31223" started-at="2020-12-15T05:57:54Z" finished-at="2020-12-15T05:58:26Z">
    <groups>
    </groups>
    <test name="Mobile Automation Test" duration-ms="31223" started-at="2020-12-15T05:57:54Z" finished-at="2020-12-15T05:58:26Z">
      <class name="com.TestCases.LoginTest">
        <test-method status="PASS" signature="startAppiumServer()[pri:0, instance:com.TestCases.LoginTest@51e2adc7]" name="startAppiumServer" is-config="true" duration-ms="5575" started-at="2020-12-15T11:27:49Z" finished-at="2020-12-15T11:27:54Z">
          <reporter-output>
          </reporter-output>
        </test-method> <!-- startAppiumServer -->
        <test-method status="PASS" signature="DriverInitializataion(java.lang.String, java.lang.String, java.lang.String, java.lang.String, java.lang.String)[pri:0, instance:com.TestCases.LoginTest@51e2adc7]" name="DriverInitializataion" is-config="true" duration-ms="16077" started-at="2020-12-15T11:27:54Z" finished-at="2020-12-15T11:28:11Z">
          <params>
            <param index="0">
              <value>
                <![CDATA[emulator-5554]]>
              </value>
            </param>
            <param index="1">
              <value>
                <![CDATA[true]]>
              </value>
            </param>
            <param index="2">
              <value>
                <![CDATA[Android]]>
              </value>
            </param>
            <param index="3">
              <value>
                <![CDATA[9.0]]>
              </value>
            </param>
            <param index="4">
              <value>
                <![CDATA[Pixel_2]]>
              </value>
            </param>
          </params>
          <reporter-output>
          </reporter-output>
        </test-method> <!-- DriverInitializataion -->
        <test-method status="PASS" signature="beforeClass()[pri:0, instance:com.TestCases.LoginTest@51e2adc7]" name="beforeClass" is-config="true" duration-ms="4094" started-at="2020-12-15T11:28:11Z" finished-at="2020-12-15T11:28:15Z">
          <reporter-output>
          </reporter-output>
        </test-method> <!-- beforeClass -->
        <test-method status="PASS" signature="startVideoRecording()[pri:0, instance:com.TestCases.LoginTest@51e2adc7]" name="startVideoRecording" is-config="true" duration-ms="1532" started-at="2020-12-15T11:28:15Z" finished-at="2020-12-15T11:28:16Z">
          <reporter-output>
          </reporter-output>
        </test-method> <!-- startVideoRecording -->
        <test-method status="PASS" signature="beforeMethod()[pri:0, instance:com.TestCases.LoginTest@51e2adc7]" name="beforeMethod" is-config="true" duration-ms="397" started-at="2020-12-15T11:28:16Z" finished-at="2020-12-15T11:28:17Z">
          <reporter-output>
          </reporter-output>
        </test-method> <!-- beforeMethod -->
        <test-method status="PASS" signature="InvalidUsernameTest()[pri:1, instance:com.TestCases.LoginTest@51e2adc7]" name="InvalidUsernameTest" duration-ms="6722" started-at="2020-12-15T11:28:17Z" finished-at="2020-12-15T11:28:23Z">
          <reporter-output>
          </reporter-output>
        </test-method> <!-- InvalidUsernameTest -->
        <test-method status="PASS" signature="stopVideoRecording(org.testng.ITestResult)[pri:0, instance:com.TestCases.LoginTest@51e2adc7]" name="stopVideoRecording" is-config="true" duration-ms="1178" started-at="2020-12-15T11:28:23Z" finished-at="2020-12-15T11:28:24Z">
          <params>
            <param index="0">
              <value>
                <![CDATA[[TestResult name=InvalidUsernameTest status=SUCCESS method=LoginTest.InvalidUsernameTest()[pri:1, instance:com.TestCases.LoginTest@51e2adc7] output={null}]]]>
              </value>
            </param>
          </params>
          <reporter-output>
          </reporter-output>
        </test-method> <!-- stopVideoRecording -->
        <test-method status="PASS" signature="afterMethod()[pri:0, instance:com.TestCases.LoginTest@51e2adc7]" name="afterMethod" is-config="true" duration-ms="0" started-at="2020-12-15T11:28:23Z" finished-at="2020-12-15T11:28:23Z">
          <reporter-output>
          </reporter-output>
        </test-method> <!-- afterMethod -->
        <test-method status="PASS" signature="afterClass()[pri:0, instance:com.TestCases.LoginTest@51e2adc7]" name="afterClass" is-config="true" duration-ms="0" started-at="2020-12-15T11:28:24Z" finished-at="2020-12-15T11:28:24Z">
          <reporter-output>
          </reporter-output>
        </test-method> <!-- afterClass -->
        <test-method status="PASS" signature="afterTest()[pri:0, instance:com.TestCases.LoginTest@51e2adc7]" name="afterTest" is-config="true" duration-ms="1183" started-at="2020-12-15T11:28:24Z" finished-at="2020-12-15T11:28:26Z">
          <reporter-output>
          </reporter-output>
        </test-method> <!-- afterTest -->
        <test-method status="PASS" signature="stopAppiumServer()[pri:0, instance:com.TestCases.LoginTest@51e2adc7]" name="stopAppiumServer" is-config="true" duration-ms="56" started-at="2020-12-15T11:28:28Z" finished-at="2020-12-15T11:28:28Z">
          <reporter-output>
          </reporter-output>
        </test-method> <!-- stopAppiumServer -->
      </class> <!-- com.TestCases.LoginTest -->
    </test> <!-- Mobile Automation Test -->
  </suite> <!-- Suite -->
</testng-results>
