<?xml version="1.0" encoding="UTF-8"?>
<testng-results skipped="0" failed="0" total="5" passed="5">
  <reporter-output>
  </reporter-output>
  <suite name="Suite" duration-ms="93240" started-at="2020-12-21T12:09:38Z" finished-at="2020-12-21T12:11:12Z">
    <groups>
      <group name="regression">
        <method signature="ProductCheckOutTest.validateAddToCart()[pri:1, instance:com.TestCases.ProductCheckOutTest@6f195bc3]" name="validateAddToCart" class="com.TestCases.ProductCheckOutTest"/>
        <method signature="ProductCheckOutTest.validateProductOnCartPage()[pri:0, instance:com.TestCases.ProductCheckOutTest@6f195bc3]" name="validateProductOnCartPage" class="com.TestCases.ProductCheckOutTest"/>
        <method signature="ProductCheckOutTest.validateProductOnInformationPage()[pri:0, instance:com.TestCases.ProductCheckOutTest@6f195bc3]" name="validateProductOnInformationPage" class="com.TestCases.ProductCheckOutTest"/>
        <method signature="ProductCheckOutTest.validateProductOnOverviewPage()[pri:0, instance:com.TestCases.ProductCheckOutTest@6f195bc3]" name="validateProductOnOverviewPage" class="com.TestCases.ProductCheckOutTest"/>
      </group> <!-- regression -->
    </groups>
    <test name="Mobile Automation Test on Pixel 2" duration-ms="93240" started-at="2020-12-21T12:09:38Z" finished-at="2020-12-21T12:11:12Z">
      <class name="com.TestCases.ProductCheckOutTest">
        <test-method status="PASS" signature="startAppiumServer()[pri:0, instance:com.TestCases.ProductCheckOutTest@6f195bc3]" name="startAppiumServer" is-config="true" duration-ms="3656" started-at="2020-12-21T17:39:35Z" finished-at="2020-12-21T17:39:38Z">
          <reporter-output>
          </reporter-output>
        </test-method> <!-- startAppiumServer -->
        <test-method status="PASS" signature="DriverInitializataion(java.lang.String, java.lang.String, java.lang.String, java.lang.String, java.lang.String)[pri:0, instance:com.TestCases.ProductCheckOutTest@6f195bc3]" name="DriverInitializataion" is-config="true" duration-ms="29136" started-at="2020-12-21T17:39:38Z" finished-at="2020-12-21T17:40:07Z">
          <params>
            <param index="0">
              <value>
                <![CDATA[emulator-5554]]>
              </value>
            </param>
            <param index="1">
              <value>
                <![CDATA[true]]>
              </value>
            </param>
            <param index="2">
              <value>
                <![CDATA[Android]]>
              </value>
            </param>
            <param index="3">
              <value>
                <![CDATA[9.0]]>
              </value>
            </param>
            <param index="4">
              <value>
                <![CDATA[Pixel_2]]>
              </value>
            </param>
          </params>
          <reporter-output>
          </reporter-output>
        </test-method> <!-- DriverInitializataion -->
        <test-method status="PASS" signature="beforeClass()[pri:0, instance:com.TestCases.ProductCheckOutTest@6f195bc3]" name="beforeClass" is-config="true" duration-ms="16202" started-at="2020-12-21T17:40:07Z" finished-at="2020-12-21T17:40:24Z">
          <reporter-output>
          </reporter-output>
        </test-method> <!-- beforeClass -->
        <test-method status="PASS" signature="startVideoRecording()[pri:0, instance:com.TestCases.ProductCheckOutTest@6f195bc3]" name="startVideoRecording" is-config="true" duration-ms="1898" started-at="2020-12-21T17:40:24Z" finished-at="2020-12-21T17:40:26Z">
          <reporter-output>
          </reporter-output>
        </test-method> <!-- startVideoRecording -->
        <test-method status="PASS" signature="validateAddToCart()[pri:1, instance:com.TestCases.ProductCheckOutTest@6f195bc3]" name="validateAddToCart" duration-ms="7533" started-at="2020-12-21T17:40:26Z" finished-at="2020-12-21T17:40:33Z">
          <reporter-output>
          </reporter-output>
        </test-method> <!-- validateAddToCart -->
        <test-method status="PASS" signature="stopVideoRecording(org.testng.ITestResult)[pri:0, instance:com.TestCases.ProductCheckOutTest@6f195bc3]" name="stopVideoRecording" is-config="true" duration-ms="2276" started-at="2020-12-21T17:40:33Z" finished-at="2020-12-21T17:40:35Z">
          <params>
            <param index="0">
              <value>
                <![CDATA[[TestResult name=validateAddToCart status=SUCCESS method=ProductCheckOutTest.validateAddToCart()[pri:1, instance:com.TestCases.ProductCheckOutTest@6f195bc3] output={null}]]]>
              </value>
            </param>
          </params>
          <reporter-output>
          </reporter-output>
        </test-method> <!-- stopVideoRecording -->
        <test-method status="PASS" signature="startVideoRecording()[pri:0, instance:com.TestCases.ProductCheckOutTest@6f195bc3]" name="startVideoRecording" is-config="true" duration-ms="1751" started-at="2020-12-21T17:40:35Z" finished-at="2020-12-21T17:40:37Z">
          <reporter-output>
          </reporter-output>
        </test-method> <!-- startVideoRecording -->
        <test-method status="PASS" signature="validateProductOnCartPage()[pri:0, instance:com.TestCases.ProductCheckOutTest@6f195bc3]" name="validateProductOnCartPage" duration-ms="1108" started-at="2020-12-21T17:40:37Z" depends-on-methods="com.TestCases.ProductCheckOutTest.validateAddToCart" finished-at="2020-12-21T17:40:38Z">
          <reporter-output>
          </reporter-output>
        </test-method> <!-- validateProductOnCartPage -->
        <test-method status="PASS" signature="stopVideoRecording(org.testng.ITestResult)[pri:0, instance:com.TestCases.ProductCheckOutTest@6f195bc3]" name="stopVideoRecording" is-config="true" duration-ms="1507" started-at="2020-12-21T17:40:38Z" finished-at="2020-12-21T17:40:40Z">
          <params>
            <param index="0">
              <value>
                <![CDATA[[TestResult name=validateProductOnCartPage status=SUCCESS method=ProductCheckOutTest.validateProductOnCartPage()[pri:0, instance:com.TestCases.ProductCheckOutTest@6f195bc3] output={null}]]]>
              </value>
            </param>
          </params>
          <reporter-output>
          </reporter-output>
        </test-method> <!-- stopVideoRecording -->
        <test-method status="PASS" signature="startVideoRecording()[pri:0, instance:com.TestCases.ProductCheckOutTest@6f195bc3]" name="startVideoRecording" is-config="true" duration-ms="967" started-at="2020-12-21T17:40:40Z" finished-at="2020-12-21T17:40:41Z">
          <reporter-output>
          </reporter-output>
        </test-method> <!-- startVideoRecording -->
        <test-method status="PASS" signature="validateProductOnInformationPage()[pri:0, instance:com.TestCases.ProductCheckOutTest@6f195bc3]" name="validateProductOnInformationPage" duration-ms="5399" started-at="2020-12-21T17:40:41Z" depends-on-methods="com.TestCases.ProductCheckOutTest.validateProductOnCartPage" finished-at="2020-12-21T17:40:46Z">
          <reporter-output>
          </reporter-output>
        </test-method> <!-- validateProductOnInformationPage -->
        <test-method status="PASS" signature="stopVideoRecording(org.testng.ITestResult)[pri:0, instance:com.TestCases.ProductCheckOutTest@6f195bc3]" name="stopVideoRecording" is-config="true" duration-ms="1694" started-at="2020-12-21T17:40:46Z" finished-at="2020-12-21T17:40:48Z">
          <params>
            <param index="0">
              <value>
                <![CDATA[[TestResult name=validateProductOnInformationPage status=SUCCESS method=ProductCheckOutTest.validateProductOnInformationPage()[pri:0, instance:com.TestCases.ProductCheckOutTest@6f195bc3] output={null}]]]>
              </value>
            </param>
          </params>
          <reporter-output>
          </reporter-output>
        </test-method> <!-- stopVideoRecording -->
        <test-method status="PASS" signature="startVideoRecording()[pri:0, instance:com.TestCases.ProductCheckOutTest@6f195bc3]" name="startVideoRecording" is-config="true" duration-ms="1652" started-at="2020-12-21T17:40:48Z" finished-at="2020-12-21T17:40:49Z">
          <reporter-output>
          </reporter-output>
        </test-method> <!-- startVideoRecording -->
        <test-method status="PASS" signature="validateProductOnOverviewPage()[pri:0, instance:com.TestCases.ProductCheckOutTest@6f195bc3]" name="validateProductOnOverviewPage" duration-ms="6456" started-at="2020-12-21T17:40:49Z" depends-on-methods="com.TestCases.ProductCheckOutTest.validateProductOnInformationPage" finished-at="2020-12-21T17:40:56Z">
          <reporter-output>
          </reporter-output>
        </test-method> <!-- validateProductOnOverviewPage -->
        <test-method status="PASS" signature="stopVideoRecording(org.testng.ITestResult)[pri:0, instance:com.TestCases.ProductCheckOutTest@6f195bc3]" name="stopVideoRecording" is-config="true" duration-ms="2881" started-at="2020-12-21T17:40:56Z" finished-at="2020-12-21T17:40:59Z">
          <params>
            <param index="0">
              <value>
                <![CDATA[[TestResult name=validateProductOnOverviewPage status=SUCCESS method=ProductCheckOutTest.validateProductOnOverviewPage()[pri:0, instance:com.TestCases.ProductCheckOutTest@6f195bc3] output={null}]]]>
              </value>
            </param>
          </params>
          <reporter-output>
          </reporter-output>
        </test-method> <!-- stopVideoRecording -->
        <test-method status="PASS" signature="startVideoRecording()[pri:0, instance:com.TestCases.ProductCheckOutTest@6f195bc3]" name="startVideoRecording" is-config="true" duration-ms="1452" started-at="2020-12-21T17:40:59Z" finished-at="2020-12-21T17:41:00Z">
          <reporter-output>
          </reporter-output>
        </test-method> <!-- startVideoRecording -->
        <test-method status="PASS" signature="validateProductOrderSucess()[pri:0, instance:com.TestCases.ProductCheckOutTest@6f195bc3]" name="validateProductOrderSucess" duration-ms="1886" started-at="2020-12-21T17:41:00Z" depends-on-methods="com.TestCases.ProductCheckOutTest.validateProductOnOverviewPage" finished-at="2020-12-21T17:41:02Z">
          <reporter-output>
          </reporter-output>
        </test-method> <!-- validateProductOrderSucess -->
        <test-method status="PASS" signature="stopVideoRecording(org.testng.ITestResult)[pri:0, instance:com.TestCases.ProductCheckOutTest@6f195bc3]" name="stopVideoRecording" is-config="true" duration-ms="2770" started-at="2020-12-21T17:41:02Z" finished-at="2020-12-21T17:41:05Z">
          <params>
            <param index="0">
              <value>
                <![CDATA[[TestResult name=validateProductOrderSucess status=SUCCESS method=ProductCheckOutTest.validateProductOrderSucess()[pri:0, instance:com.TestCases.ProductCheckOutTest@6f195bc3] output={null}]]]>
              </value>
            </param>
          </params>
          <reporter-output>
          </reporter-output>
        </test-method> <!-- stopVideoRecording -->
        <test-method status="PASS" signature="afterClass()[pri:0, instance:com.TestCases.ProductCheckOutTest@6f195bc3]" name="afterClass" is-config="true" duration-ms="3052" started-at="2020-12-21T17:41:05Z" finished-at="2020-12-21T17:41:08Z">
          <reporter-output>
          </reporter-output>
        </test-method> <!-- afterClass -->
        <test-method status="PASS" signature="afterTest()[pri:0, instance:com.TestCases.ProductCheckOutTest@6f195bc3]" name="afterTest" is-config="true" duration-ms="3571" started-at="2020-12-21T17:41:08Z" finished-at="2020-12-21T17:41:12Z">
          <reporter-output>
          </reporter-output>
        </test-method> <!-- afterTest -->
        <test-method status="PASS" signature="stopAppiumServer()[pri:0, instance:com.TestCases.ProductCheckOutTest@6f195bc3]" name="stopAppiumServer" is-config="true" duration-ms="1" started-at="2020-12-21T17:41:16Z" finished-at="2020-12-21T17:41:16Z">
          <reporter-output>
          </reporter-output>
        </test-method> <!-- stopAppiumServer -->
      </class> <!-- com.TestCases.ProductCheckOutTest -->
    </test> <!-- Mobile Automation Test on Pixel 2 -->
  </suite> <!-- Suite -->
</testng-results>
