<?xml version="1.0" encoding="UTF-8"?>
<testng-results skipped="0" failed="0" total="1" passed="1">
  <reporter-output>
  </reporter-output>
  <suite name="Suite" duration-ms="86978" started-at="2020-12-21T10:36:35Z" finished-at="2020-12-21T10:38:02Z">
    <groups>
    </groups>
    <test name="Mobile Automation Test on Pixel 2" duration-ms="86978" started-at="2020-12-21T10:36:35Z" finished-at="2020-12-21T10:38:02Z">
      <class name="com.TestCases.ProductCheckOutTest">
        <test-method status="PASS" signature="startAppiumServer()[pri:0, instance:com.TestCases.ProductCheckOutTest@6ec8211c]" name="startAppiumServer" is-config="true" duration-ms="3583" started-at="2020-12-21T16:06:31Z" finished-at="2020-12-21T16:06:35Z">
          <reporter-output>
          </reporter-output>
        </test-method> <!-- startAppiumServer -->
        <test-method status="PASS" signature="DriverInitializataion(java.lang.String, java.lang.String, java.lang.String, java.lang.String, java.lang.String)[pri:0, instance:com.TestCases.ProductCheckOutTest@6ec8211c]" name="DriverInitializataion" is-config="true" duration-ms="26853" started-at="2020-12-21T16:06:35Z" finished-at="2020-12-21T16:07:02Z">
          <params>
            <param index="0">
              <value>
                <![CDATA[emulator-5554]]>
              </value>
            </param>
            <param index="1">
              <value>
                <![CDATA[true]]>
              </value>
            </param>
            <param index="2">
              <value>
                <![CDATA[Android]]>
              </value>
            </param>
            <param index="3">
              <value>
                <![CDATA[9.0]]>
              </value>
            </param>
            <param index="4">
              <value>
                <![CDATA[Pixel_2]]>
              </value>
            </param>
          </params>
          <reporter-output>
          </reporter-output>
        </test-method> <!-- DriverInitializataion -->
        <test-method status="PASS" signature="beforeClass()[pri:0, instance:com.TestCases.ProductCheckOutTest@6ec8211c]" name="beforeClass" is-config="true" duration-ms="6442" started-at="2020-12-21T16:07:02Z" finished-at="2020-12-21T16:07:08Z">
          <reporter-output>
          </reporter-output>
        </test-method> <!-- beforeClass -->
        <test-method status="PASS" signature="startVideoRecording()[pri:0, instance:com.TestCases.ProductCheckOutTest@6ec8211c]" name="startVideoRecording" is-config="true" duration-ms="1778" started-at="2020-12-21T16:07:08Z" finished-at="2020-12-21T16:07:10Z">
          <reporter-output>
          </reporter-output>
        </test-method> <!-- startVideoRecording -->
        <test-method status="PASS" signature="beforeMethod()[pri:0, instance:com.TestCases.ProductCheckOutTest@6ec8211c]" name="beforeMethod" is-config="true" duration-ms="6805" started-at="2020-12-21T16:07:10Z" finished-at="2020-12-21T16:07:17Z">
          <reporter-output>
          </reporter-output>
        </test-method> <!-- beforeMethod -->
        <test-method status="PASS" signature="ProductAddedTest()[pri:1, instance:com.TestCases.ProductCheckOutTest@6ec8211c]" name="ProductAddedTest" duration-ms="35184" started-at="2020-12-21T16:07:17Z" finished-at="2020-12-21T16:07:52Z">
          <reporter-output>
          </reporter-output>
        </test-method> <!-- ProductAddedTest -->
        <test-method status="PASS" signature="afterMethod()[pri:0, instance:com.TestCases.ProductCheckOutTest@6ec8211c]" name="afterMethod" is-config="true" duration-ms="3065" started-at="2020-12-21T16:07:52Z" finished-at="2020-12-21T16:07:55Z">
          <reporter-output>
          </reporter-output>
        </test-method> <!-- afterMethod -->
        <test-method status="PASS" signature="stopVideoRecording(org.testng.ITestResult)[pri:0, instance:com.TestCases.ProductCheckOutTest@6ec8211c]" name="stopVideoRecording" is-config="true" duration-ms="4018" started-at="2020-12-21T16:07:55Z" finished-at="2020-12-21T16:07:59Z">
          <params>
            <param index="0">
              <value>
                <![CDATA[[TestResult name=ProductAddedTest status=SUCCESS method=ProductCheckOutTest.ProductAddedTest()[pri:1, instance:com.TestCases.ProductCheckOutTest@6ec8211c] output={null}]]]>
              </value>
            </param>
          </params>
          <reporter-output>
          </reporter-output>
        </test-method> <!-- stopVideoRecording -->
        <test-method status="PASS" signature="afterClass()[pri:0, instance:com.TestCases.ProductCheckOutTest@6ec8211c]" name="afterClass" is-config="true" duration-ms="1" started-at="2020-12-21T16:07:59Z" finished-at="2020-12-21T16:07:59Z">
          <reporter-output>
          </reporter-output>
        </test-method> <!-- afterClass -->
        <test-method status="PASS" signature="afterTest()[pri:0, instance:com.TestCases.ProductCheckOutTest@6ec8211c]" name="afterTest" is-config="true" duration-ms="2791" started-at="2020-12-21T16:07:59Z" finished-at="2020-12-21T16:08:02Z">
          <reporter-output>
          </reporter-output>
        </test-method> <!-- afterTest -->
        <test-method status="PASS" signature="stopAppiumServer()[pri:0, instance:com.TestCases.ProductCheckOutTest@6ec8211c]" name="stopAppiumServer" is-config="true" duration-ms="2" started-at="2020-12-21T16:08:04Z" finished-at="2020-12-21T16:08:04Z">
          <reporter-output>
          </reporter-output>
        </test-method> <!-- stopAppiumServer -->
      </class> <!-- com.TestCases.ProductCheckOutTest -->
    </test> <!-- Mobile Automation Test on Pixel 2 -->
  </suite> <!-- Suite -->
</testng-results>
