<?xml version="1.0" encoding="UTF-8"?>
<testng-results skipped="0" failed="0" total="1" passed="1">
  <reporter-output>
  </reporter-output>
  <suite name="Suite" duration-ms="45753" started-at="2020-12-23T07:02:12Z" finished-at="2020-12-23T07:02:58Z">
    <groups>
      <group name="somke">
        <method signature="LoginTest.validUsernameTest()[pri:1, instance:com.TestCases.LoginTest@64485a47]" name="validUsernameTest" class="com.TestCases.LoginTest"/>
      </group> <!-- somke -->
    </groups>
    <test name="Mobile Automation Test on Pixel 2" duration-ms="45753" started-at="2020-12-23T07:02:12Z" finished-at="2020-12-23T07:02:58Z">
      <class name="com.TestCases.LoginTest">
        <test-method status="PASS" signature="startAppiumServer()[pri:0, instance:com.TestCases.LoginTest@64485a47]" name="startAppiumServer" is-config="true" duration-ms="2241" started-at="2020-12-23T12:32:10Z" finished-at="2020-12-23T12:32:12Z">
          <reporter-output>
          </reporter-output>
        </test-method> <!-- startAppiumServer -->
        <test-method status="PASS" signature="DriverInitializataion(java.lang.String, java.lang.String, java.lang.String, java.lang.String)[pri:0, instance:com.TestCases.LoginTest@64485a47]" name="DriverInitializataion" is-config="true" duration-ms="22395" started-at="2020-12-23T12:32:12Z" finished-at="2020-12-23T12:32:35Z">
          <params>
            <param index="0">
              <value>
                <![CDATA[true]]>
              </value>
            </param>
            <param index="1">
              <value>
                <![CDATA[Android]]>
              </value>
            </param>
            <param index="2">
              <value>
                <![CDATA[9.0]]>
              </value>
            </param>
            <param index="3">
              <value>
                <![CDATA[Pixel_2]]>
              </value>
            </param>
          </params>
          <reporter-output>
          </reporter-output>
        </test-method> <!-- DriverInitializataion -->
        <test-method status="PASS" signature="jsonDataInitialaization()[pri:0, instance:com.TestCases.LoginTest@64485a47]" name="jsonDataInitialaization" is-config="true" duration-ms="5544" started-at="2020-12-23T12:32:35Z" finished-at="2020-12-23T12:32:40Z">
          <reporter-output>
          </reporter-output>
        </test-method> <!-- jsonDataInitialaization -->
        <test-method status="PASS" signature="startVideoRecording()[pri:0, instance:com.TestCases.LoginTest@64485a47]" name="startVideoRecording" is-config="true" duration-ms="1669" started-at="2020-12-23T12:32:40Z" finished-at="2020-12-23T12:32:42Z">
          <reporter-output>
          </reporter-output>
        </test-method> <!-- startVideoRecording -->
        <test-method status="PASS" signature="Initialaization()[pri:0, instance:com.TestCases.LoginTest@64485a47]" name="Initialaization" is-config="true" duration-ms="599" started-at="2020-12-23T12:32:42Z" finished-at="2020-12-23T12:32:42Z">
          <reporter-output>
          </reporter-output>
        </test-method> <!-- Initialaization -->
        <test-method status="PASS" signature="validUsernameTest()[pri:1, instance:com.TestCases.LoginTest@64485a47]" name="validUsernameTest" duration-ms="11420" started-at="2020-12-23T12:32:42Z" finished-at="2020-12-23T12:32:54Z">
          <reporter-output>
          </reporter-output>
        </test-method> <!-- validUsernameTest -->
        <test-method status="PASS" signature="stopVideoRecording(org.testng.ITestResult)[pri:0, instance:com.TestCases.LoginTest@64485a47]" name="stopVideoRecording" is-config="true" duration-ms="1908" started-at="2020-12-23T12:32:54Z" finished-at="2020-12-23T12:32:56Z">
          <params>
            <param index="0">
              <value>
                <![CDATA[[TestResult name=validUsernameTest status=SUCCESS method=LoginTest.validUsernameTest()[pri:1, instance:com.TestCases.LoginTest@64485a47] output={null}]]]>
              </value>
            </param>
          </params>
          <reporter-output>
          </reporter-output>
        </test-method> <!-- stopVideoRecording -->
        <test-method status="PASS" signature="afterTest()[pri:0, instance:com.TestCases.LoginTest@64485a47]" name="afterTest" is-config="true" duration-ms="2190" started-at="2020-12-23T12:32:56Z" finished-at="2020-12-23T12:32:58Z">
          <reporter-output>
          </reporter-output>
        </test-method> <!-- afterTest -->
        <test-method status="PASS" signature="stopAppiumServer()[pri:0, instance:com.TestCases.LoginTest@64485a47]" name="stopAppiumServer" is-config="true" duration-ms="2" started-at="2020-12-23T12:33:00Z" finished-at="2020-12-23T12:33:00Z">
          <reporter-output>
          </reporter-output>
        </test-method> <!-- stopAppiumServer -->
      </class> <!-- com.TestCases.LoginTest -->
    </test> <!-- Mobile Automation Test on Pixel 2 -->
  </suite> <!-- Suite -->
</testng-results>
